This is e-pTeX, Version 3.141592653-p3.9.0-210218-2.6 (utf8.euc) (TeX Live 2021) (preloaded format=platex 2021.7.26)  29 JUL 2021 15:02
entering extended mode
 restricted \write18 enabled.
 %&-line parsing enabled.
**main
(./main.tex
pLaTeX2e <2020-10-01>+2 (based on LaTeX2e <2020-10-01> patch level 4)
L3 programming layer <2021-02-18>
(/usr/local/texlive/2021/texmf-dist/tex/platex/base/jreport.cls
Document Class: jreport 2020/09/30 v1.8f Standard pLaTeX class
\c@@paper=\count178
(/usr/local/texlive/2021/texmf-dist/tex/platex/base/jsize11.clo
File: jsize11.clo 2020/09/30 v1.8f Standard pLaTeX file (size option)
)
\c@part=\count179
\c@chapter=\count180
\c@section=\count181
\c@subsection=\count182
\c@subsubsection=\count183
\c@paragraph=\count184
\c@subparagraph=\count185
\c@figure=\count186
\c@table=\count187
\abovecaptionskip=\skip47
\belowcaptionskip=\skip48
\symmincho=\mathgroup4
LaTeX Font Info:    Overwriting symbol font `mincho' in version `bold'
(Font)                  JY1/mc/m/n --> JY1/gt/m/n on input line 704.
\toclineskip=\dimen154
\@lnumwidth=\dimen155
\bibindent=\dimen156
\heisei=\count188
) (./thesis.sty) (/usr/local/texlive/2021/texmf-dist/tex/latex/ascmac/ascmac.st
y
Package: ascmac 2020/01/15 v2.1 ascmac wrapper (community edition) 

(/usr/local/texlive/2021/texmf-dist/tex/latex/ascmac/tascmac.sty
Package: tascmac 2020/01/15 v2.1 ascmac package (community edition) 
\@savetbaselineshift=\dimen157
\@saveybaselineshift=\dimen158
\scb@x=\box64
\scscb@x=\box65
\@bw=\dimen159
\@nbox=\box66
\@nbody=\box67
\@scw=\dimen160
\ascmac@hoboxa=\box68
\ascmac@hoboxb=\box69
\@itemh=\dimen161
\@iboxpos=\toks16
\@iboxstr=\box70
\@bwsp=\box71
\@@bwsp=\box72
\@bcal=\count189
\shaderule=\dimen162
))
(/usr/local/texlive/2021/texmf-dist/tex/latex/multirow/multirow.sty
Package: multirow 2021/03/15 v2.8 Span multiple rows of a table
\multirow@colwidth=\skip49
\multirow@cntb=\count190
\multirow@dima=\skip50
\bigstrutjot=\dimen163
)
(/usr/local/texlive/2021/texmf-dist/tex/latex/url/url.sty
\Urlmuskip=\muskip16
Package: url 2013/09/16  ver 3.4  Verb mode for urls, etc.
)
(/usr/local/texlive/2021/texmf-dist/tex/latex/comment/comment.sty
\CommentStream=\write3

Excluding comment 'comment')
(/usr/local/texlive/2021/texmf-dist/tex/latex/graphics/graphicx.sty
Package: graphicx 2020/09/09 v1.2b Enhanced LaTeX Graphics (DPC,SPQR)

(/usr/local/texlive/2021/texmf-dist/tex/latex/graphics/keyval.sty
Package: keyval 2014/10/28 v1.15 key=value parser (DPC)
\KV@toks@=\toks17
)
(/usr/local/texlive/2021/texmf-dist/tex/latex/graphics/graphics.sty
Package: graphics 2020/08/30 v1.4c Standard LaTeX Graphics (DPC,SPQR)

(/usr/local/texlive/2021/texmf-dist/tex/latex/graphics/trig.sty
Package: trig 2016/01/03 v1.10 sin cos tan (DPC)
)
(/usr/local/texlive/2021/texmf-dist/tex/latex/graphics-cfg/graphics.cfg
File: graphics.cfg 2016/06/04 v1.11 sample graphics configuration
)
Package graphics Info: Driver file: dvipdfmx.def on input line 105.

(/usr/local/texlive/2021/texmf-dist/tex/latex/graphics-def/dvipdfmx.def
File: dvipdfmx.def 2021/03/18 v5.0j Graphics/color driver for dvipdfmx
))
\Gin@req@height=\dimen164
\Gin@req@width=\dimen165
)
(/usr/local/texlive/2021/texmf-dist/tex/latex/l3backend/l3backend-dvips.def
File: l3backend-dvips.def 2021-03-18 L3 backend support: dvips
\l__pdf_internal_box=\box73
\g__pdf_backend_object_int=\count191
\l__pdf_backend_content_box=\box74
\l__pdf_backend_model_box=\box75
\g__pdf_backend_annotation_int=\count192
\g__pdf_backend_link_int=\count193
\g__pdf_backend_link_sf_int=\count194
)
(./main.aux (./00_abstract.aux) (./01.aux) (./02.aux) (./07.aux) (./03.aux)
(./04.aux) (./05.aux) (./90_acknowledgment.aux) (./91_bibliography.aux))
\openout1 = `main.aux'.

LaTeX Font Info:    Checking defaults for OML/cmm/m/it on input line 65.
LaTeX Font Info:    ... okay on input line 65.
LaTeX Font Info:    Checking defaults for OMS/cmsy/m/n on input line 65.
LaTeX Font Info:    ... okay on input line 65.
LaTeX Font Info:    Checking defaults for OT1/cmr/m/n on input line 65.
LaTeX Font Info:    ... okay on input line 65.
LaTeX Font Info:    Checking defaults for T1/cmr/m/n on input line 65.
LaTeX Font Info:    ... okay on input line 65.
LaTeX Font Info:    Checking defaults for TS1/cmr/m/n on input line 65.
LaTeX Font Info:    ... okay on input line 65.
LaTeX Font Info:    Checking defaults for OMX/cmex/m/n on input line 65.
LaTeX Font Info:    ... okay on input line 65.
LaTeX Font Info:    Checking defaults for U/cmr/m/n on input line 65.
LaTeX Font Info:    ... okay on input line 65.
LaTeX Font Info:    Checking defaults for JY1/mc/m/n on input line 65.
LaTeX Font Info:    ... okay on input line 65.
LaTeX Font Info:    Checking defaults for JT1/mc/m/n on input line 65.
LaTeX Font Info:    ... okay on input line 65.
LaTeX Font Info:    Font shape `JT1/mc/bx/n' in size <20.74> not available
(Font)              Font shape `JT1/gt/m/n' tried instead on input line 68.
LaTeX Font Info:    Font shape `JY1/mc/bx/n' in size <20.74> not available
(Font)              Font shape `JY1/gt/m/n' tried instead on input line 68.

[1

] [2

]
\openout2 = `00_abstract.aux'.

 (./00_abstract.tex
LaTeX Font Info:    Font shape `JT1/mc/bx/n' in size <14.4> not available
(Font)              Font shape `JT1/gt/m/n' tried instead on input line 10.
LaTeX Font Info:    Font shape `JY1/mc/bx/n' in size <14.4> not available
(Font)              Font shape `JY1/gt/m/n' tried instead on input line 10.
LaTeX Font Info:    Font shape `JT1/mc/bx/n' in size <17.28> not available
(Font)              Font shape `JT1/gt/m/n' tried instead on input line 10.
LaTeX Font Info:    Font shape `JY1/mc/bx/n' in size <17.28> not available
(Font)              Font shape `JY1/gt/m/n' tried instead on input line 10.
 [1

] [2

] [3] [4

]) (./main.toc
LaTeX Font Info:    Font shape `JT1/mc/bx/n' in size <10.95> not available
(Font)              Font shape `JT1/gt/m/n' tried instead on input line 1.
LaTeX Font Info:    Font shape `JY1/mc/bx/n' in size <10.95> not available
(Font)              Font shape `JY1/gt/m/n' tried instead on input line 1.
LaTeX Font Info:    External font `cmex10' loaded for size
(Font)              <10.95> on input line 2.
LaTeX Font Info:    External font `cmex10' loaded for size
(Font)              <8> on input line 2.
LaTeX Font Info:    External font `cmex10' loaded for size
(Font)              <6> on input line 2.
)
\tf@toc=\write4
\openout4 = `main.toc'.

 [5


] (./main.lof)
\tf@lof=\write5
\openout5 = `main.lof'.


[6] (./main.lot)
\tf@lot=\write6
\openout6 = `main.lot'.

 [7] [8

]
\openout2 = `01.aux'.

 (./01.tex
第 1 章
Excluding 'comment' comment. Excluding 'comment' comment.) [1


]
\openout2 = `02.aux'.

 (./02.tex
[2




]
第 2 章
Excluding 'comment' comment. [3] [4]

LaTeX Warning: Reference `sec:toc' on page 5 undefined on input line 395.

Excluding 'comment' comment.) [5]
\openout2 = `07.aux'.

 (./07.tex [6




]
第 3 章
Excluding 'comment' comment.) [7]
\openout2 = `03.aux'.

 (./03.tex [8




]
第 4 章
File: usecase1.png Graphic file (type bmp)
<usecase1.png>

Overfull \hbox (6.79999pt too wide) in paragraph at lines 16--17
 [] 
 []

[9] Excluding 'comment' comment.) [10]
\openout2 = `04.aux'.

 (./04.tex
第 5 章
LaTeX Font Info:    Font shape `JT1/mc/bx/n' in size <12> not available
(Font)              Font shape `JT1/gt/m/n' tried instead on input line 8.
LaTeX Font Info:    Font shape `JY1/mc/bx/n' in size <12> not available
(Font)              Font shape `JY1/gt/m/n' tried instead on input line 8.
File: VC1.png Graphic file (type bmp)
<VC1.png>

Overfull \hbox (6.79999pt too wide) in paragraph at lines 12--13
 [] 
 []

[11




] [12]
File: ID.png Graphic file (type bmp)
<ID.png>
 Excluding 'comment' comment.) [13] [14]
\openout2 = `05.aux'.

 (./05.tex
第 6 章
Excluding 'comment' comment.) [15




]
\openout2 = `90_acknowledgment.aux'.

 (./90_acknowledgment.tex [16




]) [17]
\openout2 = `91_bibliography.aux'.


(./91_bibliography.tex (./main.bbl [18




]
LaTeX Font Info:    Kanji font shape `JY1/gt/m/it' undefined
(Font)              No change on input line 6.
)) [19] (./main.aux (./00_abstract.aux)
(./01.aux) (./02.aux) (./07.aux) (./03.aux) (./04.aux) (./05.aux)
(./90_acknowledgment.aux) (./91_bibliography.aux))

LaTeX Warning: There were undefined references.

 ) 
Here is how much of TeX's memory you used:
 1393 strings out of 479466
 19803 string characters out of 5870548
 325344 words of memory out of 5000000
 19030 multiletter control sequences out of 15000+600000
 417938 words of font info for 84 fonts, out of 8000000 for 9000
 929 hyphenation exceptions out of 8191
 68i,6n,74p,562b,336s stack positions out of 5000i,500n,10000p,200000b,80000s

Output written on main.dvi (29 pages, 31712 bytes).
